Determining if the pthread_create exist failed with the following output:
Change Dir: /home/kiran/Desktop/camera_calibration_virtana_kiran/intrinsic_and_extrinsic_optimise_real_data/Build/CMakeFiles/CMakeTmp

Run Build Command:"/usr/bin/make" "cmTC_ce218/fast"
/usr/bin/make -f CMakeFiles/cmTC_ce218.dir/build.make CMakeFiles/cmTC_ce218.dir/build
make[1]: Entering directory '/home/kiran/Desktop/camera_calibration_virtana_kiran/intrinsic_and_extrinsic_optimise_real_data/Build/CMakeFiles/CMakeTmp'
Building C object CMakeFiles/cmTC_ce218.dir/CheckSymbolExists.c.o
/usr/bin/cc     -o CMakeFiles/cmTC_ce218.dir/CheckSymbolExists.c.o   -c /home/kiran/Desktop/camera_calibration_virtana_kiran/intrinsic_and_extrinsic_optimise_real_data/Build/CMakeFiles/CMakeTmp/CheckSymbolExists.c
Linking C executable cmTC_ce218
/usr/bin/cmake -E cmake_link_script CMakeFiles/cmTC_ce218.dir/link.txt --verbose=1
/usr/bin/cc       CMakeFiles/cmTC_ce218.dir/CheckSymbolExists.c.o  -o cmTC_ce218 -rdynamic 
CMakeFiles/cmTC_ce218.dir/CheckSymbolExists.c.o: In function `main':
CheckSymbolExists.c:(.text+0x16): undefined reference to `pthread_create'
collect2: error: ld returned 1 exit status
CMakeFiles/cmTC_ce218.dir/build.make:97: recipe for target 'cmTC_ce218' failed
make[1]: *** [cmTC_ce218] Error 1
make[1]: Leaving directory '/home/kiran/Desktop/camera_calibration_virtana_kiran/intrinsic_and_extrinsic_optimise_real_data/Build/CMakeFiles/CMakeTmp'
Makefile:126: recipe for target 'cmTC_ce218/fast' failed
make: *** [cmTC_ce218/fast] Error 2

File /home/kiran/Desktop/camera_calibration_virtana_kiran/intrinsic_and_extrinsic_optimise_real_data/Build/CMakeFiles/CMakeTmp/CheckSymbolExists.c:
/* */
#include <pthread.h>

int main(int argc, char** argv)
{
  (void)argv;
#ifndef pthread_create
  return ((int*)(&pthread_create))[argc];
#else
  (void)argc;
  return 0;
#endif
}

Determining if the function pthread_create exists in the pthreads failed with the following output:
Change Dir: /home/kiran/Desktop/camera_calibration_virtana_kiran/intrinsic_and_extrinsic_optimise_real_data/Build/CMakeFiles/CMakeTmp

Run Build Command:"/usr/bin/make" "cmTC_cfdc0/fast"
/usr/bin/make -f CMakeFiles/cmTC_cfdc0.dir/build.make CMakeFiles/cmTC_cfdc0.dir/build
make[1]: Entering directory '/home/kiran/Desktop/camera_calibration_virtana_kiran/intrinsic_and_extrinsic_optimise_real_data/Build/CMakeFiles/CMakeTmp'
Building C object CMakeFiles/cmTC_cfdc0.dir/CheckFunctionExists.c.o
/usr/bin/cc    -DCHECK_FUNCTION_EXISTS=pthread_create   -o CMakeFiles/cmTC_cfdc0.dir/CheckFunctionExists.c.o   -c /usr/share/cmake-3.5/Modules/CheckFunctionExists.c
Linking C executable cmTC_cfdc0
/usr/bin/cmake -E cmake_link_script CMakeFiles/cmTC_cfdc0.dir/link.txt --verbose=1
/usr/bin/cc   -DCHECK_FUNCTION_EXISTS=pthread_create    CMakeFiles/cmTC_cfdc0.dir/CheckFunctionExists.c.o  -o cmTC_cfdc0 -rdynamic -lpthreads 
/usr/bin/ld: cannot find -lpthreads
collect2: error: ld returned 1 exit status
CMakeFiles/cmTC_cfdc0.dir/build.make:97: recipe for target 'cmTC_cfdc0' failed
make[1]: *** [cmTC_cfdc0] Error 1
make[1]: Leaving directory '/home/kiran/Desktop/camera_calibration_virtana_kiran/intrinsic_and_extrinsic_optimise_real_data/Build/CMakeFiles/CMakeTmp'
Makefile:126: recipe for target 'cmTC_cfdc0/fast' failed
make: *** [cmTC_cfdc0/fast] Error 2


